Build started 7.3.2018 13:31:47.
     1>Project "C:\Users\Business Time\Documents\2.1.Kurssit\TGP\four\distrib\a4.vcxproj" on node 2 (build target(s)).
     1>InitializeBuildStatus:
         Creating "Release\a4.unsuccessfulbuild" because "AlwaysCreate" was specified.
       ClCompile:
         C:\Program Files (x86)\Microsoft Visual Studio 10.0\VC\bin\CL.exe /c /Ivecmath/include /Zi /nologo /W3 /WX- /O2 /Oy- /D WIN32 /D NDEBUG /D _CONSOLE /Gm- /EHsc /MD /GS /fp:precise /Zc:wchar_t /Zc:forScope /Fo"Release\\" /Fd"Release\vc100.pdb" /Gd /TP /analyze- /errorReport:prompt main.cpp
         main.cpp
     1>c:\users\business time\documents\2.1.kurssit\tgp\four\distrib\Group.h(33): warning C4018: '<' : signed/unsigned mismatch
     1>main.cpp(26): warning C4018: '<' : signed/unsigned mismatch
     1>main.cpp(29): warning C4018: '<' : signed/unsigned mismatch
     1>main.cpp(32): warning C4018: '<' : signed/unsigned mismatch
     1>main.cpp(35): warning C4018: '<' : signed/unsigned mismatch
     1>main.cpp(38): warning C4018: '<' : signed/unsigned mismatch
     1>main.cpp(42): warning C4018: '<' : signed/unsigned mismatch
     1>main.cpp(92): warning C4018: '<' : signed/unsigned mismatch
     1>main.cpp(94): warning C4018: '<' : signed/unsigned mismatch
     1>main.cpp(113): warning C4018: '<' : signed/unsigned mismatch
       ManifestResourceCompile:
         All outputs are up-to-date.
       Link:
         C:\Program Files (x86)\Microsoft Visual Studio 10.0\VC\bin\link.exe /ERRORREPORT:PROMPT /OUT:"C:\Users\Business Time\Documents\2.1.Kurssit\TGP\four\distrib\Release\a4.exe" /INCREMENTAL /NOLOGO kernel32.lib user32.lib gdi32.lib winspool.lib comdlg32.lib advapi32.lib shell32.lib ole32.lib oleaut32.lib uuid.lib odbc32.lib odbccp32.lib /MANIFEST /ManifestFile:"Release\a4.exe.intermediate.manifest" /MANIFESTUAC:"level='asInvoker' uiAccess='false'" /DEBUG /PDB:"C:\Users\Business Time\Documents\2.1.Kurssit\TGP\four\distrib\Release\a4.pdb" /SUBSYSTEM:CONSOLE /OPT:REF /OPT:ICF /TLBID:1 /DYNAMICBASE /NXCOMPAT /IMPLIB:"C:\Users\Business Time\Documents\2.1.Kurssit\TGP\four\distrib\Release\a4.lib" /MACHINE:X86 Release\a4.exe.embed.manifest.res
         Release\Image.obj
         Release\main.obj
         Release\Mesh.obj
         Release\Plane.obj
         Release\SceneParser.obj
         Release\Sphere.obj
         Release\texture.obj
         Release\Triangle.obj
         Release\Matrix2f.obj
         Release\Matrix3f.obj
         Release\Matrix4f.obj
         Release\Quat4f.obj
         Release\Vector2f.obj
         Release\Vector3f.obj
         Release\Vector4f.obj
     1>LINK : warning LNK4075: ignoring '/INCREMENTAL' due to '/OPT:ICF' specification
       Manifest:
         C:\Program Files (x86)\Microsoft SDKs\Windows\v7.0A\bin\mt.exe /nologo /verbose /out:"Release\a4.exe.embed.manifest" /manifest Release\a4.exe.intermediate.manifest
         All outputs are up-to-date.
       LinkEmbedManifest:
         All outputs are up-to-date.
         a4.vcxproj -> C:\Users\Business Time\Documents\2.1.Kurssit\TGP\four\distrib\Release\a4.exe
       FinalizeBuildStatus:
         Deleting file "Release\a4.unsuccessfulbuild".
         Touching "Release\a4.lastbuildstate".
     1>Done Building Project "C:\Users\Business Time\Documents\2.1.Kurssit\TGP\four\distrib\a4.vcxproj" (build target(s)).

Build succeeded.

Time Elapsed 00:00:01.15
